Using pre-set license
Built from '2022.3/release' branch; Version is '2022.3.20f1 (61c2feb0970d) revision 6406910'; Using compiler version '192829333'; Build Type 'Release'
OS: 'Windows 11  (10.0.22631) 64bit Core' Language: 'en' Physical Memory: 5989 MB
BatchMode: 1, IsHumanControllingUs: 0, StartBugReporterOnCrash: 0, Is64bit: 1, IsPro: 1

COMMAND LINE ARGUMENTS:
D:\Aplicatii\Unity\2022.3.20f1\Editor\Unity.exe
-adb2
-batchMode
-noUpm
-name
AssetImportWorker0
-projectPath
D:/Facultate/Anul III/Semestrul II/DJC/ExplorareMuzeuProiect/ExplorareMuzeu
-logFile
Logs/AssetImportWorker0.log
-srvPort
62178
Successfully changed project path to: D:/Facultate/Anul III/Semestrul II/DJC/ExplorareMuzeuProiect/ExplorareMuzeu
D:/Facultate/Anul III/Semestrul II/DJC/ExplorareMuzeuProiect/ExplorareMuzeu
[UnityMemory] Configuration Parameters - Can be set up in boot.config
    "memorysetup-bucket-allocator-granularity=16"
    "memorysetup-bucket-allocator-bucket-count=8"
    "memorysetup-bucket-allocator-block-size=33554432"
    "memorysetup-bucket-allocator-block-count=8"
    "memorysetup-main-allocator-block-size=16777216"
    "memorysetup-thread-allocator-block-size=16777216"
    "memorysetup-gfx-main-allocator-block-size=16777216"
    "memorysetup-gfx-thread-allocator-block-size=16777216"
    "memorysetup-cache-allocator-block-size=4194304"
    "memorysetup-typetree-allocator-block-size=2097152"
    "memorysetup-profiler-bucket-allocator-granularity=16"
    "memorysetup-profiler-bucket-allocator-bucket-count=8"
    "memorysetup-profiler-bucket-allocator-block-size=33554432"
    "memorysetup-profiler-bucket-allocator-block-count=8"
    "memorysetup-profiler-allocator-block-size=16777216"
    "memorysetup-profiler-editor-allocator-block-size=1048576"
    "memorysetup-temp-allocator-size-main=16777216"
    "memorysetup-job-temp-allocator-block-size=2097152"
    "memorysetup-job-temp-allocator-block-size-background=1048576"
    "memorysetup-job-temp-allocator-reduction-small-platforms=262144"
    "memorysetup-allocator-temp-initial-block-size-main=262144"
    "memorysetup-allocator-temp-initial-block-size-worker=262144"
    "memorysetup-temp-allocator-size-background-worker=32768"
    "memorysetup-temp-allocator-size-job-worker=262144"
    "memorysetup-temp-allocator-size-preload-manager=33554432"
    "memorysetup-temp-allocator-size-nav-mesh-worker=65536"
    "memorysetup-temp-allocator-size-audio-worker=65536"
    "memorysetup-temp-allocator-size-cloud-worker=32768"
    "memorysetup-temp-allocator-size-gi-baking-worker=262144"
    "memorysetup-temp-allocator-size-gfx=262144"
Player connection [6496] Host "[IP] 172.20.10.4 [Port] 0 [Flags] 2 [Guid] 1664677401 [EditorId] 1664677401 [Version] 1048832 [Id] WindowsEditor(7,Alexia-s-laptop) [Debug] 1 [PackageName] WindowsEditor [ProjectName] Editor" joined multi-casting on [225.0.0.222:54997]...

Player connection [6496] Host "[IP] 172.20.10.4 [Port] 0 [Flags] 2 [Guid] 1664677401 [EditorId] 1664677401 [Version] 1048832 [Id] WindowsEditor(7,Alexia-s-laptop) [Debug] 1 [PackageName] WindowsEditor [ProjectName] Editor" joined alternative multi-casting on [225.0.0.222:34997]...

[Physics::Module] Initialized MultithreadedJobDispatcher with 11 workers.
Refreshing native plugins compatible for Editor in 256.60 ms, found 3 plugins.
Preloading 0 native plugins for Editor in 0.00 ms.
Initialize engine version: 2022.3.20f1 (61c2feb0970d)
[Subsystems] Discovering subsystems at path D:/Aplicatii/Unity/2022.3.20f1/Editor/Data/Resources/UnitySubsystems
[Subsystems] Discovering subsystems at path D:/Facultate/Anul III/Semestrul II/DJC/ExplorareMuzeuProiect/ExplorareMuzeu/Assets
GfxDevice: creating device client; threaded=0; jobified=0
Direct3D:
    Version:  Direct3D 11.0 [level 11.1]
    Renderer: AMD Radeon(TM) Graphics (ID=0x164c)
    Vendor:   ATI
    VRAM:     2994 MB
    Driver:   31.0.12044.56000
Initialize mono
Mono path[0] = 'D:/Aplicatii/Unity/2022.3.20f1/Editor/Data/Managed'
Mono path[1] = 'D:/Aplicatii/Unity/2022.3.20f1/Editor/Data/MonoBleedingEdge/lib/mono/unityjit-win32'
Mono config path = 'D:/Aplicatii/Unity/2022.3.20f1/Editor/Data/MonoBleedingEdge/etc'
Using monoOptions --debugger-agent=transport=dt_socket,embedding=1,server=y,suspend=n,address=127.0.0.1:56260
Begin MonoManager ReloadAssembly
Registering precompiled unity dll's ...
Register platform support module: D:/Aplicatii/Unity/2022.3.20f1/Editor/Data/PlaybackEngines/WindowsStandaloneSupport/UnityEditor.WindowsStandalone.Extensions.dll
Registered in 0.034314 seconds.
- Loaded All Assemblies, in  3.943 seconds
Native extension for WindowsStandalone target not found
Mono: successfully reloaded assembly
- Finished resetting the current domain, in  1.844 seconds
Domain Reload Profiling: 5854ms
	BeginReloadAssembly (2984ms)
		ExecutionOrderSort (0ms)
		DisableScriptedObjects (0ms)
		BackupInstance (0ms)
		ReleaseScriptingObjects (0ms)
		CreateAndSetChildDomain (1ms)
	RebuildCommonClasses (202ms)
	RebuildNativeTypeToScriptingClass (13ms)
	initialDomainReloadingComplete (196ms)
	LoadAllAssembliesAndSetupDomain (547ms)
		LoadAssemblies (2957ms)
		RebuildTransferFunctionScriptingTraits (0ms)
		AnalyzeDomain (536ms)
			TypeCache.Refresh (533ms)
				TypeCache.ScanAssembly (465ms)
			ScanForSourceGeneratedMonoScriptInfo (1ms)
			ResolveRequiredComponents (1ms)
	FinalizeReload (1912ms)
		ReleaseScriptCaches (0ms)
		RebuildScriptCaches (0ms)
		SetupLoadedEditorAssemblies (1753ms)
			LogAssemblyErrors (0ms)
			InitializePlatformSupportModulesInManaged (51ms)
			SetLoadedEditorAssemblies (11ms)
			RefreshPlugins (0ms)
			BeforeProcessingInitializeOnLoad (20ms)
			ProcessInitializeOnLoadAttributes (1427ms)
			ProcessInitializeOnLoadMethodAttributes (187ms)
			AfterProcessingInitializeOnLoad (0ms)
			EditorAssembliesLoaded (57ms)
		ExecutionOrderSort2 (0ms)
		AwakeInstancesAfterBackupRestoration (0ms)
========================================================================
Worker process is ready to serve import requests
Begin MonoManager ReloadAssembly
- Loaded All Assemblies, in  4.812 seconds
Refreshing native plugins compatible for Editor in 72.28 ms, found 3 plugins.
Native extension for WindowsStandalone target not found
Package Manager log level set to [2]
[Package Manager] Server::EnsureServerProcessIsRunning -- launch failed, reason: Unity was launched with the -noUpm command-line argument
[Package Manager] UpmClient::Send -- Unable to send message (not connected to UPM process).
[Package Manager] Cannot connect to Unity Package Manager local server
Mono: successfully reloaded assembly
- Finished resetting the current domain, in  1.925 seconds
Domain Reload Profiling: 6673ms
	BeginReloadAssembly (430ms)
		ExecutionOrderSort (0ms)
		DisableScriptedObjects (6ms)
		BackupInstance (0ms)
		ReleaseScriptingObjects (0ms)
		CreateAndSetChildDomain (149ms)
	RebuildCommonClasses (45ms)
	RebuildNativeTypeToScriptingClass (13ms)
	initialDomainReloadingComplete (74ms)
	LoadAllAssembliesAndSetupDomain (4185ms)
		LoadAssemblies (3580ms)
		RebuildTransferFunctionScriptingTraits (0ms)
		AnalyzeDomain (737ms)
			TypeCache.Refresh (704ms)
				TypeCache.ScanAssembly (628ms)
			ScanForSourceGeneratedMonoScriptInfo (27ms)
			ResolveRequiredComponents (4ms)
	FinalizeReload (1926ms)
		ReleaseScriptCaches (0ms)
		RebuildScriptCaches (0ms)
		SetupLoadedEditorAssemblies (1695ms)
			LogAssemblyErrors (0ms)
			InitializePlatformSupportModulesInManaged (5ms)
			SetLoadedEditorAssemblies (5ms)
			RefreshPlugins (0ms)
			BeforeProcessingInitializeOnLoad (56ms)
			ProcessInitializeOnLoadAttributes (1590ms)
			ProcessInitializeOnLoadMethodAttributes (36ms)
			AfterProcessingInitializeOnLoad (3ms)
			EditorAssembliesLoaded (0ms)
		ExecutionOrderSort2 (0ms)
		AwakeInstancesAfterBackupRestoration (11ms)
Launched and connected shader compiler UnityShaderCompiler.exe after 0.56 seconds
Refreshing native plugins compatible for Editor in 2.53 ms, found 3 plugins.
Preloading 0 native plugins for Editor in 0.00 ms.
Unloading 3092 Unused Serialized files (Serialized files now loaded: 0)
Unloading 32 unused Assets / (56.9 KB). Loaded Objects now: 3553.
Memory consumption went from 122.7 MB to 122.6 MB.
Total: 3.626000 ms (FindLiveObjects: 0.394800 ms CreateObjectMapping: 0.090800 ms MarkObjects: 2.908100 ms  DeleteObjects: 0.230900 ms)

AssetImportParameters requested are different than current active one (requested -> active):
  custom:container-demuxer-ogg: 62fdf1f143b41e24485cea50d1cbac27 -> 
  custom:video-codec-MediaFoundation-h265: 746d11721c4dcdbdad8f713fa42b33f4 -> 
  custom:video-decoder-ogg-theora: a1e56fd34408186e4bbccfd4996cb3dc -> 
  custom:framework-win-MediaFoundation: 216162199b28c13a410421893ffa2e32 -> 
  custom:CustomObjectIndexerAttribute: 6d391050e5a25f67b0a2c618074f2cd9 -> 
  custom:container-demuxer-webm: 4f35f7cbe854078d1ac9338744f61a02 -> 
  custom:container-muxer-webm: aa71ff27fc2769a1b78a27578f13a17b -> 
  custom:video-decoder-webm-vp8: 9c59270c3fd7afecdb556c50c9e8de78 -> 
  custom:SearchIndexIgnoredProperties: e643bd26f0fe6173181afceb89e7c659 -> 
  custom:AudioImporter_EditorPlatform: d09bf68614088b80899f8185d706f6e7 -> 
  custom:video-encoder-webm-vp8: eb34c28f22e8b96e1ab97ce403110664 -> 
  custom:audio-decoder-ogg-vorbis: bf7c407c2cedff20999df2af8eb42d56 -> 
  custom:audio-encoder-webm-vorbis: bf7c407c2cedff20999df2af8eb42d56 -> 
========================================================================
Received Import Request.
  Time since last request: 42038.025826 seconds.
  path: Assets/Prefabs/ramses-ii-egyptian-statue-louvre/source/model_obj/Scaniverse
  artifactKey: Guid(3d25c9b027621dd49af50d1764436e14) Importer(815301076,1909f56bfc062723c751e8b465ee728b)
Start importing Assets/Prefabs/ramses-ii-egyptian-statue-louvre/source/model_obj/Scaniverse using Guid(3d25c9b027621dd49af50d1764436e14) Importer(815301076,1909f56bfc062723c751e8b465ee728b)  -> (artifact id: '8f5b061a524a04a58d930bc27b7e334e') in 0.043159 seconds
Number of updated asset objects reloaded before import = 0
Number of asset objects unloaded after import = 0
========================================================================
Received Import Request.
  Time since last request: 0.000044 seconds.
  path: Assets/Prefabs/ramses-ii-egyptian-statue-louvre/source/model_obj/Scaniverse/Scaniverse.obj
  artifactKey: Guid(e739dd2be0b39ee4bba80c29bf6b07b3) Importer(815301076,1909f56bfc062723c751e8b465ee728b)
Start importing Assets/Prefabs/ramses-ii-egyptian-statue-louvre/source/model_obj/Scaniverse/Scaniverse.obj using Guid(e739dd2be0b39ee4bba80c29bf6b07b3) Importer(815301076,1909f56bfc062723c751e8b465ee728b)  -> (artifact id: '19bf973d6d40e67b2a544a482bc88511') in 2.744653 seconds
Number of updated asset objects reloaded before import = 0
Number of asset objects unloaded after import = 11
========================================================================
Received Import Request.
  Time since last request: 2855.236899 seconds.
  path: Assets/Prefabs/geisha/source
  artifactKey: Guid(3a5ebe0dbf945a245bbdceadf6f29130) Importer(815301076,1909f56bfc062723c751e8b465ee728b)
Start importing Assets/Prefabs/geisha/source using Guid(3a5ebe0dbf945a245bbdceadf6f29130) Importer(815301076,1909f56bfc062723c751e8b465ee728b)  -> (artifact id: 'e07526aeca39d391d5aac4533f7caf84') in 0.629839 seconds
Number of updated asset objects reloaded before import = 0
Number of asset objects unloaded after import = 0
========================================================================
Received Import Request.
  Time since last request: 2.161920 seconds.
  path: Assets/Prefabs/geisha/source/Geisha
  artifactKey: Guid(f17a58aaa5b60804a935e97485a4b5d6) Importer(815301076,1909f56bfc062723c751e8b465ee728b)
Start importing Assets/Prefabs/geisha/source/Geisha using Guid(f17a58aaa5b60804a935e97485a4b5d6) Importer(815301076,1909f56bfc062723c751e8b465ee728b)  -> (artifact id: '8abd4f03213eb6a00030e2c24e11ef4b') in 0.097913 seconds
Number of updated asset objects reloaded before import = 0
Number of asset objects unloaded after import = 0
========================================================================
Received Import Request.
  Time since last request: 33.955251 seconds.
  path: Assets/Prefabs/geisha/textures/sketchfabTemp.jpeg
  artifactKey: Guid(b6f1373f3dac4e040ac1cd9ed2e9a709) Importer(815301076,1909f56bfc062723c751e8b465ee728b)
Start importing Assets/Prefabs/geisha/textures/sketchfabTemp.jpeg using Guid(b6f1373f3dac4e040ac1cd9ed2e9a709) Importer(815301076,1909f56bfc062723c751e8b465ee728b)  -> (artifact id: '0e6bfab1f3952fc8f22090700d11bf06') in 9.064074 seconds
Number of updated asset objects reloaded before import = 0
Number of asset objects unloaded after import = 2
========================================================================
Received Import Request.
  Time since last request: 599.103196 seconds.
  path: Assets/Prefabs/armadura-samurai-do-maru-bmvb/source/BMVB1451_LP_1M/BMVB1451_LP_1M__normals.jpg
  artifactKey: Guid(79e137efcc14754409a5f04dfdad7b35) Importer(815301076,1909f56bfc062723c751e8b465ee728b)
Start importing Assets/Prefabs/armadura-samurai-do-maru-bmvb/source/BMVB1451_LP_1M/BMVB1451_LP_1M__normals.jpg using Guid(79e137efcc14754409a5f04dfdad7b35) Importer(815301076,1909f56bfc062723c751e8b465ee728b)  -> (artifact id: 'd8b82291af2aafb1640cf7d8352914f5') in 1.509094 seconds
Number of updated asset objects reloaded before import = 0
Number of asset objects unloaded after import = 2
========================================================================
Received Import Request.
  Time since last request: 0.033408 seconds.
  path: Assets/Prefabs/armadura-samurai-do-maru-bmvb/source/BMVB1451_LP_1M/BMVB1451_LP_1M_u1_v1.jpeg
  artifactKey: Guid(1b95910dc9e6e8849a490f869c68ca74) Importer(815301076,1909f56bfc062723c751e8b465ee728b)
Start importing Assets/Prefabs/armadura-samurai-do-maru-bmvb/source/BMVB1451_LP_1M/BMVB1451_LP_1M_u1_v1.jpeg using Guid(1b95910dc9e6e8849a490f869c68ca74) Importer(815301076,1909f56bfc062723c751e8b465ee728b)  -> (artifact id: 'fcf221353d7d2e66aa2e955b8190b143') in 0.829863 seconds
Number of updated asset objects reloaded before import = 0
Number of asset objects unloaded after import = 2
========================================================================
Received Import Request.
  Time since last request: 776.439989 seconds.
  path: Assets/Prefabs/10-japanese_temple_model/Japanese_Temple_Model/Model/Japanese_Temple.fbx
  artifactKey: Guid(54bc07c5ab16f284996c3cc36bdbe796) Importer(815301076,1909f56bfc062723c751e8b465ee728b)
Start importing Assets/Prefabs/10-japanese_temple_model/Japanese_Temple_Model/Model/Japanese_Temple.fbx using Guid(54bc07c5ab16f284996c3cc36bdbe796) Importer(815301076,1909f56bfc062723c751e8b465ee728b)  -> (artifact id: '6898fe714e7350994bcc96ef8d59c2a6') in 7.070316 seconds
Number of updated asset objects reloaded before import = 0
Number of asset objects unloaded after import = 8
========================================================================
Received Import Request.
  Time since last request: 9.516529 seconds.
  path: Assets/Prefabs/10-japanese_temple_model/Japanese_Temple_Model/Textures/Japanese_Temple_Paint2_Japanese_Shrine_Mat_AO.png
  artifactKey: Guid(c08fa2b0cc1807f4a81ef88a07baab5e) Importer(815301076,1909f56bfc062723c751e8b465ee728b)
Start importing Assets/Prefabs/10-japanese_temple_model/Japanese_Temple_Model/Textures/Japanese_Temple_Paint2_Japanese_Shrine_Mat_AO.png using Guid(c08fa2b0cc1807f4a81ef88a07baab5e) Importer(815301076,1909f56bfc062723c751e8b465ee728b)  -> (artifact id: '3179204903757e378c35a61ffbe92ac6') in 0.643194 seconds
Number of updated asset objects reloaded before import = 0
Number of asset objects unloaded after import = 2
========================================================================
Received Import Request.
  Time since last request: 0.346704 seconds.
  path: Assets/Prefabs/10-japanese_temple_model/Japanese_Temple_Model/Textures/Japanese_Temple_Paint2_Japanese_Shrine_Mat_Roughness.png
  artifactKey: Guid(9268c1695d2871047a54bd7a743e1f0e) Importer(815301076,1909f56bfc062723c751e8b465ee728b)
Start importing Assets/Prefabs/10-japanese_temple_model/Japanese_Temple_Model/Textures/Japanese_Temple_Paint2_Japanese_Shrine_Mat_Roughness.png using Guid(9268c1695d2871047a54bd7a743e1f0e) Importer(815301076,1909f56bfc062723c751e8b465ee728b)  -> (artifact id: 'c0a9b8ab00d154ad4c753942414cfe42') in 1.474445 seconds
Number of updated asset objects reloaded before import = 0
Number of asset objects unloaded after import = 2
========================================================================
Received Import Request.
  Time since last request: 0.000077 seconds.
  path: Assets/Prefabs/10-japanese_temple_model/Japanese_Temple_Model/Textures/Japanese_Temple_Paint2_Japanese_Shrine_Mat_MetallicSmoothness.png
  artifactKey: Guid(b271edc9533b77d4c9526bbac4ad0bc8) Importer(815301076,1909f56bfc062723c751e8b465ee728b)
Start importing Assets/Prefabs/10-japanese_temple_model/Japanese_Temple_Model/Textures/Japanese_Temple_Paint2_Japanese_Shrine_Mat_MetallicSmoothness.png using Guid(b271edc9533b77d4c9526bbac4ad0bc8) Importer(815301076,1909f56bfc062723c751e8b465ee728b)  -> (artifact id: 'f0155752a1012d7978048e8df45c846a') in 0.305033 seconds
Number of updated asset objects reloaded before import = 0
Number of asset objects unloaded after import = 2
========================================================================
Received Import Request.
  Time since last request: 0.000172 seconds.
  path: Assets/Prefabs/10-japanese_temple_model/Japanese_Temple_Model/Textures/Japanese_Temple_Paint2_Japanese_Shrine_Mat_Normal.png
  artifactKey: Guid(dc994f1374cabc547a65a6ee11703c40) Importer(815301076,1909f56bfc062723c751e8b465ee728b)
Start importing Assets/Prefabs/10-japanese_temple_model/Japanese_Temple_Model/Textures/Japanese_Temple_Paint2_Japanese_Shrine_Mat_Normal.png using Guid(dc994f1374cabc547a65a6ee11703c40) Importer(815301076,1909f56bfc062723c751e8b465ee728b)  -> (artifact id: '1e8f2095c2c62217b0fd596c9fd31d78') in 0.352219 seconds
Number of updated asset objects reloaded before import = 0
Number of asset objects unloaded after import = 2
========================================================================
Received Import Request.
  Time since last request: 692.901608 seconds.
  path: Assets/Prefabs/buddha/source/741861d1e872463db51225ee908bd2a2.zip
  artifactKey: Guid(8d7ef8eb8a56c7949a06c1b13952c795) Importer(815301076,1909f56bfc062723c751e8b465ee728b)
Start importing Assets/Prefabs/buddha/source/741861d1e872463db51225ee908bd2a2.zip using Guid(8d7ef8eb8a56c7949a06c1b13952c795) Importer(815301076,1909f56bfc062723c751e8b465ee728b)  -> (artifact id: 'bd775506b7caacb31656517381cac5b3') in 0.088993 seconds
Number of updated asset objects reloaded before import = 0
Number of asset objects unloaded after import = 0
========================================================================
Received Import Request.
  Time since last request: 50.012352 seconds.
  path: Assets/Prefabs/buddha/textures/buddha_albedo.jpg
  artifactKey: Guid(3bc903df295c48f4a9d8987c583f85de) Importer(815301076,1909f56bfc062723c751e8b465ee728b)
Start importing Assets/Prefabs/buddha/textures/buddha_albedo.jpg using Guid(3bc903df295c48f4a9d8987c583f85de) Importer(815301076,1909f56bfc062723c751e8b465ee728b)  -> (artifact id: 'afb098ece3339e31ca344af76635c1d4') in 0.353350 seconds
Number of updated asset objects reloaded before import = 0
Number of asset objects unloaded after import = 2
========================================================================
Received Import Request.
  Time since last request: 0.000042 seconds.
  path: Assets/Prefabs/buddha/textures/buddha_metalness.jpg
  artifactKey: Guid(54989faf00b679d448547129e1e0da9a) Importer(815301076,1909f56bfc062723c751e8b465ee728b)
Start importing Assets/Prefabs/buddha/textures/buddha_metalness.jpg using Guid(54989faf00b679d448547129e1e0da9a) Importer(815301076,1909f56bfc062723c751e8b465ee728b)  -> (artifact id: 'd8cc7ebc9a5c941da223ea540af1324d') in 0.218100 seconds
Number of updated asset objects reloaded before import = 0
Number of asset objects unloaded after import = 2
Editor requested this worker to shutdown with reason: Scaling down because of idle timeout
TcpMessagingSession - receive error: operation aborted. errorcode: 995, details: The I/O operation has been aborted because of either a thread exit or an application request.
AssetImportWorker is now disconnected from the server
Process exiting
Exiting without the bug reporter. Application will terminate with return code 0