Using pre-set license
Built from '2022.3/release' branch; Version is '2022.3.20f1 (61c2feb0970d) revision 6406910'; Using compiler version '192829333'; Build Type 'Release'
OS: 'Windows 11  (10.0.22631) 64bit Core' Language: 'en' Physical Memory: 5989 MB
BatchMode: 1, IsHumanControllingUs: 0, StartBugReporterOnCrash: 0, Is64bit: 1, IsPro: 1

COMMAND LINE ARGUMENTS:
D:\Aplicatii\Unity\2022.3.20f1\Editor\Unity.exe
-adb2
-batchMode
-noUpm
-name
AssetImportWorker0
-projectPath
D:/Facultate/Anul III/Semestrul II/DJC/ExplorareMuzeuProiect/ExplorareMuzeu
-logFile
Logs/AssetImportWorker0.log
-srvPort
61058
Successfully changed project path to: D:/Facultate/Anul III/Semestrul II/DJC/ExplorareMuzeuProiect/ExplorareMuzeu
D:/Facultate/Anul III/Semestrul II/DJC/ExplorareMuzeuProiect/ExplorareMuzeu
[UnityMemory] Configuration Parameters - Can be set up in boot.config
    "memorysetup-bucket-allocator-granularity=16"
    "memorysetup-bucket-allocator-bucket-count=8"
    "memorysetup-bucket-allocator-block-size=33554432"
    "memorysetup-bucket-allocator-block-count=8"
    "memorysetup-main-allocator-block-size=16777216"
    "memorysetup-thread-allocator-block-size=16777216"
    "memorysetup-gfx-main-allocator-block-size=16777216"
    "memorysetup-gfx-thread-allocator-block-size=16777216"
    "memorysetup-cache-allocator-block-size=4194304"
    "memorysetup-typetree-allocator-block-size=2097152"
    "memorysetup-profiler-bucket-allocator-granularity=16"
    "memorysetup-profiler-bucket-allocator-bucket-count=8"
    "memorysetup-profiler-bucket-allocator-block-size=33554432"
    "memorysetup-profiler-bucket-allocator-block-count=8"
    "memorysetup-profiler-allocator-block-size=16777216"
    "memorysetup-profiler-editor-allocator-block-size=1048576"
    "memorysetup-temp-allocator-size-main=16777216"
    "memorysetup-job-temp-allocator-block-size=2097152"
    "memorysetup-job-temp-allocator-block-size-background=1048576"
    "memorysetup-job-temp-allocator-reduction-small-platforms=262144"
    "memorysetup-allocator-temp-initial-block-size-main=262144"
    "memorysetup-allocator-temp-initial-block-size-worker=262144"
    "memorysetup-temp-allocator-size-background-worker=32768"
    "memorysetup-temp-allocator-size-job-worker=262144"
    "memorysetup-temp-allocator-size-preload-manager=33554432"
    "memorysetup-temp-allocator-size-nav-mesh-worker=65536"
    "memorysetup-temp-allocator-size-audio-worker=65536"
    "memorysetup-temp-allocator-size-cloud-worker=32768"
    "memorysetup-temp-allocator-size-gi-baking-worker=262144"
    "memorysetup-temp-allocator-size-gfx=262144"
Player connection [16636] Host "[IP] 172.20.10.4 [Port] 0 [Flags] 2 [Guid] 3542779667 [EditorId] 3542779667 [Version] 1048832 [Id] WindowsEditor(7,Alexia-s-laptop) [Debug] 1 [PackageName] WindowsEditor [ProjectName] Editor" joined multi-casting on [225.0.0.222:54997]...

Player connection [16636] Host "[IP] 172.20.10.4 [Port] 0 [Flags] 2 [Guid] 3542779667 [EditorId] 3542779667 [Version] 1048832 [Id] WindowsEditor(7,Alexia-s-laptop) [Debug] 1 [PackageName] WindowsEditor [ProjectName] Editor" joined alternative multi-casting on [225.0.0.222:34997]...

[Physics::Module] Initialized MultithreadedJobDispatcher with 11 workers.
Refreshing native plugins compatible for Editor in 5.88 ms, found 3 plugins.
Preloading 0 native plugins for Editor in 0.00 ms.
Initialize engine version: 2022.3.20f1 (61c2feb0970d)
[Subsystems] Discovering subsystems at path D:/Aplicatii/Unity/2022.3.20f1/Editor/Data/Resources/UnitySubsystems
[Subsystems] Discovering subsystems at path D:/Facultate/Anul III/Semestrul II/DJC/ExplorareMuzeuProiect/ExplorareMuzeu/Assets
GfxDevice: creating device client; threaded=0; jobified=0
Direct3D:
    Version:  Direct3D 11.0 [level 11.1]
    Renderer: AMD Radeon(TM) Graphics (ID=0x164c)
    Vendor:   ATI
    VRAM:     2994 MB
    Driver:   31.0.12044.56000
Initialize mono
Mono path[0] = 'D:/Aplicatii/Unity/2022.3.20f1/Editor/Data/Managed'
Mono path[1] = 'D:/Aplicatii/Unity/2022.3.20f1/Editor/Data/MonoBleedingEdge/lib/mono/unityjit-win32'
Mono config path = 'D:/Aplicatii/Unity/2022.3.20f1/Editor/Data/MonoBleedingEdge/etc'
Using monoOptions --debugger-agent=transport=dt_socket,embedding=1,server=y,suspend=n,address=127.0.0.1:56704
Begin MonoManager ReloadAssembly
Registering precompiled unity dll's ...
Register platform support module: D:/Aplicatii/Unity/2022.3.20f1/Editor/Data/PlaybackEngines/WindowsStandaloneSupport/UnityEditor.WindowsStandalone.Extensions.dll
Registered in 0.031663 seconds.
- Loaded All Assemblies, in  2.200 seconds
Native extension for WindowsStandalone target not found
Mono: successfully reloaded assembly
- Finished resetting the current domain, in  0.473 seconds
Domain Reload Profiling: 2673ms
	BeginReloadAssembly (1354ms)
		ExecutionOrderSort (0ms)
		DisableScriptedObjects (0ms)
		BackupInstance (0ms)
		ReleaseScriptingObjects (0ms)
		CreateAndSetChildDomain (1ms)
	RebuildCommonClasses (39ms)
	RebuildNativeTypeToScriptingClass (11ms)
	initialDomainReloadingComplete (158ms)
	LoadAllAssembliesAndSetupDomain (637ms)
		LoadAssemblies (1353ms)
		RebuildTransferFunctionScriptingTraits (0ms)
		AnalyzeDomain (635ms)
			TypeCache.Refresh (633ms)
				TypeCache.ScanAssembly (617ms)
			ScanForSourceGeneratedMonoScriptInfo (0ms)
			ResolveRequiredComponents (1ms)
	FinalizeReload (473ms)
		ReleaseScriptCaches (0ms)
		RebuildScriptCaches (0ms)
		SetupLoadedEditorAssemblies (402ms)
			LogAssemblyErrors (0ms)
			InitializePlatformSupportModulesInManaged (9ms)
			SetLoadedEditorAssemblies (8ms)
			RefreshPlugins (0ms)
			BeforeProcessingInitializeOnLoad (2ms)
			ProcessInitializeOnLoadAttributes (153ms)
			ProcessInitializeOnLoadMethodAttributes (229ms)
			AfterProcessingInitializeOnLoad (0ms)
			EditorAssembliesLoaded (0ms)
		ExecutionOrderSort2 (0ms)
		AwakeInstancesAfterBackupRestoration (0ms)
========================================================================
Worker process is ready to serve import requests
Begin MonoManager ReloadAssembly
- Loaded All Assemblies, in  5.578 seconds
Refreshing native plugins compatible for Editor in 1.83 ms, found 3 plugins.
Native extension for WindowsStandalone target not found
Package Manager log level set to [2]
[Package Manager] Server::EnsureServerProcessIsRunning -- launch failed, reason: Unity was launched with the -noUpm command-line argument
[Package Manager] UpmClient::Send -- Unable to send message (not connected to UPM process).
[Package Manager] Cannot connect to Unity Package Manager local server
Mono: successfully reloaded assembly
- Finished resetting the current domain, in  1.047 seconds
Domain Reload Profiling: 6598ms
	BeginReloadAssembly (257ms)
		ExecutionOrderSort (0ms)
		DisableScriptedObjects (7ms)
		BackupInstance (0ms)
		ReleaseScriptingObjects (0ms)
		CreateAndSetChildDomain (39ms)
	RebuildCommonClasses (41ms)
	RebuildNativeTypeToScriptingClass (12ms)
	initialDomainReloadingComplete (42ms)
	LoadAllAssembliesAndSetupDomain (5199ms)
		LoadAssemblies (5164ms)
		RebuildTransferFunctionScriptingTraits (0ms)
		AnalyzeDomain (200ms)
			TypeCache.Refresh (176ms)
				TypeCache.ScanAssembly (158ms)
			ScanForSourceGeneratedMonoScriptInfo (19ms)
			ResolveRequiredComponents (4ms)
	FinalizeReload (1047ms)
		ReleaseScriptCaches (0ms)
		RebuildScriptCaches (0ms)
		SetupLoadedEditorAssemblies (854ms)
			LogAssemblyErrors (0ms)
			InitializePlatformSupportModulesInManaged (5ms)
			SetLoadedEditorAssemblies (6ms)
			RefreshPlugins (0ms)
			BeforeProcessingInitializeOnLoad (67ms)
			ProcessInitializeOnLoadAttributes (752ms)
			ProcessInitializeOnLoadMethodAttributes (21ms)
			AfterProcessingInitializeOnLoad (2ms)
			EditorAssembliesLoaded (0ms)
		ExecutionOrderSort2 (0ms)
		AwakeInstancesAfterBackupRestoration (9ms)
Launched and connected shader compiler UnityShaderCompiler.exe after 0.25 seconds
Refreshing native plugins compatible for Editor in 2.07 ms, found 3 plugins.
Preloading 0 native plugins for Editor in 0.00 ms.
Unloading 3092 Unused Serialized files (Serialized files now loaded: 0)
Unloading 32 unused Assets / (57.0 KB). Loaded Objects now: 3553.
Memory consumption went from 122.6 MB to 122.6 MB.
Total: 4.953400 ms (FindLiveObjects: 0.472100 ms CreateObjectMapping: 0.091400 ms MarkObjects: 4.081800 ms  DeleteObjects: 0.305800 ms)

AssetImportParameters requested are different than current active one (requested -> active):
  custom:container-demuxer-ogg: 62fdf1f143b41e24485cea50d1cbac27 -> 
  custom:video-codec-MediaFoundation-h265: 746d11721c4dcdbdad8f713fa42b33f4 -> 
  custom:video-decoder-ogg-theora: a1e56fd34408186e4bbccfd4996cb3dc -> 
  custom:framework-win-MediaFoundation: 216162199b28c13a410421893ffa2e32 -> 
  custom:CustomObjectIndexerAttribute: 6d391050e5a25f67b0a2c618074f2cd9 -> 
  custom:container-demuxer-webm: 4f35f7cbe854078d1ac9338744f61a02 -> 
  custom:container-muxer-webm: aa71ff27fc2769a1b78a27578f13a17b -> 
  custom:video-decoder-webm-vp8: 9c59270c3fd7afecdb556c50c9e8de78 -> 
  custom:SearchIndexIgnoredProperties: e643bd26f0fe6173181afceb89e7c659 -> 
  custom:AudioImporter_EditorPlatform: d09bf68614088b80899f8185d706f6e7 -> 
  custom:video-encoder-webm-vp8: eb34c28f22e8b96e1ab97ce403110664 -> 
  custom:audio-decoder-ogg-vorbis: bf7c407c2cedff20999df2af8eb42d56 -> 
  custom:audio-encoder-webm-vorbis: bf7c407c2cedff20999df2af8eb42d56 -> 
========================================================================
Received Import Request.
  Time since last request: 36350.679587 seconds.
  path: Assets/Prefabs/bust-of-queen-nefertiti/source/model/model/crunched.fbx
  artifactKey: Guid(3a85cb1bbbaeaa94d8f9c405fdffe402) Importer(815301076,1909f56bfc062723c751e8b465ee728b)
Start importing Assets/Prefabs/bust-of-queen-nefertiti/source/model/model/crunched.fbx using Guid(3a85cb1bbbaeaa94d8f9c405fdffe402) Importer(815301076,1909f56bfc062723c751e8b465ee728b)  -> (artifact id: '9651cd16b6a2a1413ddfbf5fbfec946f') in 1.026543 seconds
Number of updated asset objects reloaded before import = 0
Number of asset objects unloaded after import = 11
========================================================================
Received Import Request.
  Time since last request: 286.132140 seconds.
  path: Assets/Prefabs/tomb-of-mereruka-saqqara-egypt/source
  artifactKey: Guid(ae924337271b8ad4a82215188b2c6eed) Importer(815301076,1909f56bfc062723c751e8b465ee728b)
Start importing Assets/Prefabs/tomb-of-mereruka-saqqara-egypt/source using Guid(ae924337271b8ad4a82215188b2c6eed) Importer(815301076,1909f56bfc062723c751e8b465ee728b)  -> (artifact id: '970963f53d79ccb23d416a65cd0e8654') in 0.000637 seconds
Number of updated asset objects reloaded before import = 0
Number of asset objects unloaded after import = 0
========================================================================
Received Import Request.
  Time since last request: 0.991162 seconds.
  path: Assets/Prefabs/tomb-of-mereruka-saqqara-egypt/source/Mereruka_Entrance/Mereruka_Entrance.jpg
  artifactKey: Guid(fa7b43863d660d14f8bb19c2c72b5d8d) Importer(815301076,1909f56bfc062723c751e8b465ee728b)
Start importing Assets/Prefabs/tomb-of-mereruka-saqqara-egypt/source/Mereruka_Entrance/Mereruka_Entrance.jpg using Guid(fa7b43863d660d14f8bb19c2c72b5d8d) Importer(815301076,1909f56bfc062723c751e8b465ee728b)  -> (artifact id: 'aa318584c2dfd04963b4a83eeb19277a') in 0.217914 seconds
Number of updated asset objects reloaded before import = 0
Number of asset objects unloaded after import = 2
========================================================================
Received Import Request.
  Time since last request: 0.000047 seconds.
  path: Assets/Prefabs/tomb-of-mereruka-saqqara-egypt/source/Mereruka_Entrance
  artifactKey: Guid(5b9039bb2e4f0e142808be054c2ac580) Importer(815301076,1909f56bfc062723c751e8b465ee728b)
Start importing Assets/Prefabs/tomb-of-mereruka-saqqara-egypt/source/Mereruka_Entrance using Guid(5b9039bb2e4f0e142808be054c2ac580) Importer(815301076,1909f56bfc062723c751e8b465ee728b)  -> (artifact id: '866c89be8b37d57aff2a3a45d2705697') in 0.000916 seconds
Number of updated asset objects reloaded before import = 0
Number of asset objects unloaded after import = 0
========================================================================
Received Import Request.
  Time since last request: 396.653751 seconds.
  path: Assets/Materials/Egyptian-Hieroglyphs.jpg
  artifactKey: Guid(b0da3d51607a83048917783e644e18d2) Importer(815301076,1909f56bfc062723c751e8b465ee728b)
Start importing Assets/Materials/Egyptian-Hieroglyphs.jpg using Guid(b0da3d51607a83048917783e644e18d2) Importer(815301076,1909f56bfc062723c751e8b465ee728b)  -> (artifact id: 'c9dc2e21057fd398b4c6fff48f7ce95f') in 0.078237 seconds
Number of updated asset objects reloaded before import = 0
Number of asset objects unloaded after import = 2
========================================================================
Received Import Request.
  Time since last request: 291.355644 seconds.
  path: Assets/Prefabs/moai-statue-recap-obj/source
  artifactKey: Guid(7bedf442d1d8259478f9a9259a2118b7) Importer(815301076,1909f56bfc062723c751e8b465ee728b)
Start importing Assets/Prefabs/moai-statue-recap-obj/source using Guid(7bedf442d1d8259478f9a9259a2118b7) Importer(815301076,1909f56bfc062723c751e8b465ee728b)  -> (artifact id: '766d9bcdc8568bce862646e45a68ed2b') in 0.001331 seconds
Number of updated asset objects reloaded before import = 0
Number of asset objects unloaded after import = 0
========================================================================
Received Import Request.
  Time since last request: 0.675082 seconds.
  path: Assets/Prefabs/moai-statue-recap-obj/source/MoaiStatue_ReCap_OBJ
  artifactKey: Guid(b7310dcd9ab29fc41a51f0608f2df599) Importer(815301076,1909f56bfc062723c751e8b465ee728b)
Start importing Assets/Prefabs/moai-statue-recap-obj/source/MoaiStatue_ReCap_OBJ using Guid(b7310dcd9ab29fc41a51f0608f2df599) Importer(815301076,1909f56bfc062723c751e8b465ee728b)  -> (artifact id: 'b45b3801769a78834ecf693d6b4c816d') in 0.000809 seconds
Number of updated asset objects reloaded before import = 0
Number of asset objects unloaded after import = 0
========================================================================
Received Import Request.
  Time since last request: 0.674353 seconds.
  path: Assets/Prefabs/moai-statue-recap-obj/source/MoaiStatue_ReCap_OBJ/MoaiStatue_ReCap_OBJ
  artifactKey: Guid(299237d7b0d89dd48b22a0e6058c3a17) Importer(815301076,1909f56bfc062723c751e8b465ee728b)
Start importing Assets/Prefabs/moai-statue-recap-obj/source/MoaiStatue_ReCap_OBJ/MoaiStatue_ReCap_OBJ using Guid(299237d7b0d89dd48b22a0e6058c3a17) Importer(815301076,1909f56bfc062723c751e8b465ee728b)  -> (artifact id: '9d614e8d0e0487caed5d7936b579b552') in 0.001406 seconds
Number of updated asset objects reloaded before import = 0
Number of asset objects unloaded after import = 0
========================================================================
Received Import Request.
  Time since last request: 0.697186 seconds.
  path: Assets/Prefabs/moai-statue-recap-obj/source/MoaiStatue_ReCap_OBJ/MoaiStatue_ReCap_OBJ/Moai_statue_Easter_Island/Moai_statue_Easter_Island.obj
  artifactKey: Guid(680b29b5ac1c8a14aa8b41cd5088d357) Importer(815301076,1909f56bfc062723c751e8b465ee728b)
Start importing Assets/Prefabs/moai-statue-recap-obj/source/MoaiStatue_ReCap_OBJ/MoaiStatue_ReCap_OBJ/Moai_statue_Easter_Island/Moai_statue_Easter_Island.obj using Guid(680b29b5ac1c8a14aa8b41cd5088d357) Importer(815301076,1909f56bfc062723c751e8b465ee728b)  -> (artifact id: '84cdbca13d1e79b0fe69b90a20507795') in 0.114451 seconds
Number of updated asset objects reloaded before import = 0
Number of asset objects unloaded after import = 11
========================================================================
Received Import Request.
  Time since last request: 0.000034 seconds.
  path: Assets/Prefabs/moai-statue-recap-obj/source/MoaiStatue_ReCap_OBJ/MoaiStatue_ReCap_OBJ/Moai_statue_Easter_Island
  artifactKey: Guid(4ba144bd8bcfd144ca44b6ae02862b35) Importer(815301076,1909f56bfc062723c751e8b465ee728b)
Start importing Assets/Prefabs/moai-statue-recap-obj/source/MoaiStatue_ReCap_OBJ/MoaiStatue_ReCap_OBJ/Moai_statue_Easter_Island using Guid(4ba144bd8bcfd144ca44b6ae02862b35) Importer(815301076,1909f56bfc062723c751e8b465ee728b)  -> (artifact id: '32d912505a862cd232f63996145b3edd') in 0.000895 seconds
Number of updated asset objects reloaded before import = 0
Number of asset objects unloaded after import = 0
========================================================================
Received Import Request.
  Time since last request: 0.000052 seconds.
  path: Assets/Prefabs/moai-statue-recap-obj/source/MoaiStatue_ReCap_OBJ/MoaiStatue_ReCap_OBJ/Moai_statue_Easter_Island/NormalMap_1.jpg
  artifactKey: Guid(38cfbc10668ab5b4d90474b870e6903f) Importer(815301076,1909f56bfc062723c751e8b465ee728b)
Start importing Assets/Prefabs/moai-statue-recap-obj/source/MoaiStatue_ReCap_OBJ/MoaiStatue_ReCap_OBJ/Moai_statue_Easter_Island/NormalMap_1.jpg using Guid(38cfbc10668ab5b4d90474b870e6903f) Importer(815301076,1909f56bfc062723c751e8b465ee728b)  -> (artifact id: '9156fa1529312656e42f50c0a5b21167') in 0.019744 seconds
Number of updated asset objects reloaded before import = 0
Number of asset objects unloaded after import = 2
========================================================================
Received Import Request.
  Time since last request: 37.408199 seconds.
  path: Assets/Prefabs/moai-statue-recap-obj/source/Moai_statue_Easter_Island.obj
  artifactKey: Guid(680b29b5ac1c8a14aa8b41cd5088d357) Importer(815301076,1909f56bfc062723c751e8b465ee728b)
Start importing Assets/Prefabs/moai-statue-recap-obj/source/Moai_statue_Easter_Island.obj using Guid(680b29b5ac1c8a14aa8b41cd5088d357) Importer(815301076,1909f56bfc062723c751e8b465ee728b)  -> (artifact id: 'c0741b1b8c65fd379f47e5eebf0d5a1b') in 0.039440 seconds
Number of updated asset objects reloaded before import = 0
Number of asset objects unloaded after import = 11
